#
# A fatal error has been detected by the Java Runtime Environment:
#
#  Internal Error (javaClasses.cpp:126), pid=7096, tid=5000
#  fatal error: Invalid layout of preloaded class
#
# JRE version:  (8.0_25-b18) (build )
# Java VM: Java HotSpot(TM) 64-Bit Server VM (25.25-b02 mixed mode windows-amd64 compressed oops)
# Failed to write core dump. Minidumps are not enabled by default on client versions of Windows
#
# If you would like to submit a bug report, please visit:
#   http://bugreport.sun.com/bugreport/crash.jsp
#

---------------  T H R E A D  ---------------

Current thread (0x0000000002b10800):  JavaThread "Unknown thread" [_thread_in_vm, id=5000, stack(0x0000000002950000,0x0000000002a50000)]

Stack: [0x0000000002950000,0x0000000002a50000]
Native frames: (J=compiled Java code, j=interpreted, Vv=VM code, C=native code)
V  [jvm.dll+0x31667a]
V  [jvm.dll+0x267073]
V  [jvm.dll+0x267cb3]
V  [jvm.dll+0x25f536]
V  [jvm.dll+0x5e773]
V  [jvm.dll+0x5e863]
V  [jvm.dll+0x731ca]
V  [jvm.dll+0x73528]
V  [jvm.dll+0xe48b7]
V  [jvm.dll+0xe4c46]
V  [jvm.dll+0x1f9ae7]
V  [jvm.dll+0x22b2e4]
V  [jvm.dll+0x14d571]
C  [javaw.exe+0x20c6]
C  [javaw.exe+0xc9eb]
C  [javaw.exe+0xca7f]
C  [KERNEL32.DLL+0x16ad]
C  [ntdll.dll+0x54409]


---------------  P R O C E S S  ---------------

Java Threads: ( => current thread )

Other Threads:

=>0x0000000002b10800 (exited) JavaThread "Unknown thread" [_thread_in_vm, id=5000, stack(0x0000000002950000,0x0000000002a50000)]

VM state:not at safepoint (not fully initialized)

VM Mutex/Monitor currently owned by a thread: None

GC Heap History (0 events):
No events

Deoptimization events (0 events):
No events

Internal exceptions (0 events):
No events

Events (10 events):
Event: 0.007 loading class java/lang/CharSequence done
Event: 0.007 loading class java/lang/String done
Event: 0.007 loading class java/lang/Class
Event: 0.008 loading class java/lang/reflect/AnnotatedElement
Event: 0.008 loading class java/lang/reflect/AnnotatedElement done
Event: 0.008 loading class java/lang/reflect/GenericDeclaration
Event: 0.008 loading class java/lang/reflect/GenericDeclaration done
Event: 0.008 loading class java/lang/reflect/Type
Event: 0.008 loading class java/lang/reflect/Type done
Event: 0.008 loading class java/lang/Class done


Dynamic libraries:
0x00007ff647020000 - 0x00007ff647054000 	C:\Program Files\Java\jre1.8.0_25\bin\javaw.exe
0x00007fffc9190000 - 0x00007fffc9336000 	C:\Windows\SYSTEM32\ntdll.dll
0x00007fffc6fa0000 - 0x00007fffc70da000 	C:\Windows\system32\KERNEL32.DLL
0x00007fffc65e0000 - 0x00007fffc66ef000 	C:\Windows\system32\KERNELBASE.dll
0x00007fffc5140000 - 0x00007fffc51c8000 	C:\Windows\system32\apphelp.dll
0x00007fffc33a0000 - 0x00007fffc33ef000 	C:\Windows\AppPatch\AppPatch64\AcGenral.DLL
0x00007fffc8a40000 - 0x00007fffc8ae7000 	C:\Windows\system32\msvcrt.dll
0x00007fffc6350000 - 0x00007fffc637b000 	C:\Windows\SYSTEM32\SspiCli.dll
0x00007fffc8800000 - 0x00007fffc8851000 	C:\Windows\system32\SHLWAPI.dll
0x00007fffc7180000 - 0x00007fffc72f1000 	C:\Windows\system32\USER32.dll
0x00007fffc6d70000 - 0x00007fffc6ee8000 	C:\Windows\system32\ole32.dll
0x00007fffc73f0000 - 0x00007fffc87ff000 	C:\Windows\system32\SHELL32.dll
0x00007fffc5a80000 - 0x00007fffc5a9e000 	C:\Windows\SYSTEM32\USERENV.dll
0x00007fffc7330000 - 0x00007fffc73d5000 	C:\Windows\system32\ADVAPI32.dll
0x00007fffbb4b0000 - 0x00007fffbb4cb000 	C:\Windows\SYSTEM32\MPR.dll
0x00007fffc6a20000 - 0x00007fffc6b57000 	C:\Windows\system32\RPCRT4.dll
0x00007fffc8af0000 - 0x00007fffc8b47000 	C:\Windows\SYSTEM32\sechost.dll
0x00007fffc8cf0000 - 0x00007fffc8ec6000 	C:\Windows\SYSTEM32\combase.dll
0x00007fffc6b60000 - 0x00007fffc6ca4000 	C:\Windows\system32\GDI32.dll
0x00007fffc6510000 - 0x00007fffc6524000 	C:\Windows\SYSTEM32\profapi.dll
0x00007fffc5080000 - 0x00007fffc511f000 	C:\Windows\SYSTEM32\SHCORE.dll
0x00007fffc8fa0000 - 0x00007fffc8fd4000 	C:\Windows\system32\IMM32.DLL
0x00007fffc8bb0000 - 0x00007fffc8ce9000 	C:\Windows\system32\MSCTF.dll
0x00007fffc41e0000 - 0x00007fffc443a000 	C:\Windows\WinSxS\amd64_microsoft.windows.common-controls_6595b64144ccf1df_6.0.9600.17031_none_6242a4b3ecbb55a1\COMCTL32.dll
0x0000000062aa0000 - 0x0000000062b72000 	C:\Program Files\Java\jre1.8.0_25\bin\msvcr100.dll
0x0000000062ea0000 - 0x00000000636fa000 	C:\Program Files\Java\jre1.8.0_25\bin\server\jvm.dll
0x00007fffc3a30000 - 0x00007fffc3a39000 	C:\Windows\SYSTEM32\WSOCK32.dll
0x00007fffc3bb0000 - 0x00007fffc3bcf000 	C:\Windows\SYSTEM32\WINMM.dll
0x00007fffc8fe0000 - 0x00007fffc8fe7000 	C:\Windows\system32\PSAPI.DLL
0x00007fffc8f30000 - 0x00007fffc8f88000 	C:\Windows\system32\WS2_32.dll
0x00007fffc3b10000 - 0x00007fffc3b3a000 	C:\Windows\SYSTEM32\WINMMBASE.dll
0x00007fffc7300000 - 0x00007fffc7309000 	C:\Windows\system32\NSI.dll
0x00007fffc68d0000 - 0x00007fffc691a000 	C:\Windows\SYSTEM32\cfgmgr32.dll
0x00007fffc5390000 - 0x00007fffc53b6000 	C:\Windows\SYSTEM32\DEVOBJ.dll
0x0000000062e90000 - 0x0000000062e9f000 	C:\Program Files\Java\jre1.8.0_25\bin\verify.dll
0x0000000062e60000 - 0x0000000062e88000 	C:\Program Files\Java\jre1.8.0_25\bin\java.dll
0x0000000062e40000 - 0x0000000062e56000 	C:\Program Files\Java\jre1.8.0_25\bin\zip.dll
0x00007fffacc60000 - 0x00007fffacde8000 	C:\Windows\SYSTEM32\dbghelp.dll

VM Arguments:
jvm_args: -Dfile.encoding=Cp1252 -Xbootclasspath:E:\Programmes\eclipseAndroid\adt-bundle-windows-x86_64-20140702\sdk\platforms\android-20\android.jar 
java_command: Tools.MyTimer
java_class_path (initial): E:\Dropbox\Programation\WAndroid\RemindMeWhatsIWasDoing\bin\classes;E:\Dropbox\Programation\WAndroid\RemindMeWhatsIWasDoing\libs\android-support-v4.jar;E:\Dropbox\Programation\WAndroid\appcompat_v7\libs\android-support-v7-appcompat.jar;E:\Dropbox\Programation\WAndroid\appcompat_v7\bin\appcompat_v7.jar
Launcher Type: SUN_STANDARD

Environment Variables:
PATH=C:/Program Files/Java/jre1.8.0_25/bin/server;C:/Program Files/Java/jre1.8.0_25/bin;C:/Program Files/Java/jre1.8.0_25/lib/amd64;C:\Program Files (x86)\NVIDIA Corporation\PhysX\Common;C:\ProgramData\Oracle\Java\javapath;C:\Windows\system32;C:\Windows;C:\Windows\System32\Wbem;C:\Windows\System32\WindowsPowerShell\v1.0\;C:\Program Files\Microsoft SQL Server\110\Tools\Binn\;E:\Program Files\TortoiseSVN\bin;E:\python27;E:\Programmes\OpenCV\opencv\build\x86\vc11\bin;E:\wamp\bin\php\php5.5.12;C:\ProgramData\ComposerSetup\bin;C:\Users\derua_000\AppData\Roaming\Composer\vendor\bin;E:\Python27;E:\Opencv-2.4.9\opencv\build\x86\vc11\bin;E:\OpenCV-2.4.9\build\python\2.7\x86\cv2.pyd;E:\Program Files (x86)\Graphviz2.38\bin;E:\Programmes\eclipseAndroid\adt-bundle-windows-x86_64-20140702\eclipse;
USERNAME=derua_000
OS=Windows_NT
PROCESSOR_IDENTIFIER=Intel64 Family 6 Model 60 Stepping 3, GenuineIntel



---------------  S Y S T E M  ---------------

OS: Windows 8.1 , 64 bit Build 9600 

CPU:total 8 (4 cores per cpu, 2 threads per core) family 6 model 60 stepping 3, cmov, cx8, fxsr, mmx, sse, sse2, sse3, ssse3, sse4.1, sse4.2, popcnt, avx, avx2, aes, clmul, erms, lzcnt, ht, tsc, tscinvbit, bmi1, bmi2

Memory: 4k page, physical 8266776k(4513296k free), swap 11281432k(6468072k free)

vm_info: Java HotSpot(TM) 64-Bit Server VM (25.25-b02) for windows-amd64 JRE (1.8.0_25-b18), built on Oct  7 2014 14:25:37 by "java_re" with MS VC++ 10.0 (VS2010)

time: Thu Nov 06 14:50:52 2014
elapsed time: 0 seconds (0d 0h 0m 0s)

